# JRE version: Java(TM) SE Runtime Environment (8.0_231-b11) (build 1.8.0_231-b11)
# Java VM: Java HotSpot(TM) 64-Bit Server VM (25.231-b11 mixed mode windows-amd64 compressed oops)
Heap:
 PSYoungGen      total 180224K, used 64980K [0x00000000ec300000, 0x00000000fae00000, 0x0000000100000000)
  eden space 155136K, 39% used [0x00000000ec300000,0x00000000eff7d9e0,0x00000000f5a80000)
  from space 25088K, 12% used [0x00000000f5a80000,0x00000000f5d77870,0x00000000f7300000)
  to   space 25088K, 0% used [0x00000000f9580000,0x00000000f9580000,0x00000000fae00000)
 ParOldGen       total 91136K, used 53025K [0x00000000c4800000, 0x00000000ca100000, 0x00000000ec300000)
  object space 91136K, 58% used [0x00000000c4800000,0x00000000c7bc8658,0x00000000ca100000)
 Metaspace       used 30207K, capacity 30986K, committed 31104K, reserved 1077248K
  class space    used 3482K, capacity 3695K, committed 3712K, reserved 1048576K
GC Heap History (10 events):
Event: 18.427 GC heap before
{Heap before GC invocations=9 (full 1):
 PSYoungGen      total 130048K, used 12257K [0x00000000ec300000, 0x00000000f5700000, 0x0000000100000000)
  eden space 117760K, 0% used [0x00000000ec300000,0x00000000ec300000,0x00000000f3600000)
  from space 12288K, 99% used [0x00000000f4500000,0x00000000f50f8520,0x00000000f5100000)
  to   space 15360K, 0% used [0x00000000f3600000,0x00000000f3600000,0x00000000f4500000)
 ParOldGen       total 40960K, used 17948K [0x00000000c4800000, 0x00000000c7000000, 0x00000000ec300000)
  object space 40960K, 43% used [0x00000000c4800000,0x00000000c5987358,0x00000000c7000000)
 Metaspace       used 20808K, capacity 21158K, committed 21296K, reserved 1069056K
  class space    used 2474K, capacity 2613K, committed 2688K, reserved 1048576K
Event: 18.502 GC heap after
Heap after GC invocations=9 (full 1):
 PSYoungGen      total 130048K, used 0K [0x00000000ec300000, 0x00000000f5700000, 0x0000000100000000)
  eden space 117760K, 0% used [0x00000000ec300000,0x00000000ec300000,0x00000000f3600000)
  from space 12288K, 0% used [0x00000000f4500000,0x00000000f4500000,0x00000000f5100000)
  to   space 15360K, 0% used [0x00000000f3600000,0x00000000f3600000,0x00000000f4500000)
 ParOldGen       total 46592K, used 21099K [0x00000000c4800000, 0x00000000c7580000, 0x00000000ec300000)
  object space 46592K, 45% used [0x00000000c4800000,0x00000000c5c9ae08,0x00000000c7580000)
 Metaspace       used 20808K, capacity 21158K, committed 21296K, reserved 1069056K
  class space    used 2474K, capacity 2613K, committed 2688K, reserved 1048576K
}
Event: 47.907 GC heap before
{Heap before GC invocations=10 (full 1):
 PSYoungGen      total 130048K, used 117760K [0x00000000ec300000, 0x00000000f5700000, 0x0000000100000000)
  eden space 117760K, 100% used [0x00000000ec300000,0x00000000f3600000,0x00000000f3600000)
  from space 12288K, 0% used [0x00000000f4500000,0x00000000f4500000,0x00000000f5100000)
  to   space 15360K, 0% used [0x00000000f3600000,0x00000000f3600000,0x00000000f4500000)
 ParOldGen       total 46592K, used 21099K [0x00000000c4800000, 0x00000000c7580000, 0x00000000ec300000)
  object space 46592K, 45% used [0x00000000c4800000,0x00000000c5c9ae08,0x00000000c7580000)
 Metaspace       used 27432K, capacity 27988K, committed 28032K, reserved 1073152K
  class space    used 3249K, capacity 3440K, committed 3456K, reserved 1048576K
Event: 47.928 GC heap after
Heap after GC invocations=10 (full 1):
 PSYoungGen      total 133120K, used 9575K [0x00000000ec300000, 0x00000000f8200000, 0x0000000100000000)
  eden space 117760K, 0% used [0x00000000ec300000,0x00000000ec300000,0x00000000f3600000)
  from space 15360K, 62% used [0x00000000f3600000,0x00000000f3f59c30,0x00000000f4500000)
  to   space 15360K, 0% used [0x00000000f7300000,0x00000000f7300000,0x00000000f8200000)
 ParOldGen       total 46592K, used 21107K [0x00000000c4800000, 0x00000000c7580000, 0x00000000ec300000)
  object space 46592K, 45% used [0x00000000c4800000,0x00000000c5c9ce08,0x00000000c7580000)
 Metaspace       used 27432K, capacity 27988K, committed 28032K, reserved 1073152K
  class space    used 3249K, capacity 3440K, committed 3456K, reserved 1048576K
}
Event: 56.215 GC heap before
{Heap before GC invocations=11 (full 1):
 PSYoungGen      total 133120K, used 127335K [0x00000000ec300000, 0x00000000f8200000, 0x0000000100000000)
  eden space 117760K, 100% used [0x00000000ec300000,0x00000000f3600000,0x00000000f3600000)
  from space 15360K, 62% used [0x00000000f3600000,0x00000000f3f59c30,0x00000000f4500000)
  to   space 15360K, 0% used [0x00000000f7300000,0x00000000f7300000,0x00000000f8200000)
 ParOldGen       total 46592K, used 21107K [0x00000000c4800000, 0x00000000c7580000, 0x00000000ec300000)
  object space 46592K, 45% used [0x00000000c4800000,0x00000000c5c9ce08,0x00000000c7580000)
 Metaspace       used 28686K, capacity 29236K, committed 29440K, reserved 1075200K
  class space    used 3295K, capacity 3472K, committed 3584K, reserved 1048576K
Event: 56.271 GC heap after
Heap after GC invocations=11 (full 1):
 PSYoungGen      total 170496K, used 15355K [0x00000000ec300000, 0x00000000f9480000, 0x0000000100000000)
  eden space 155136K, 0% used [0x00000000ec300000,0x00000000ec300000,0x00000000f5a80000)
  from space 15360K, 99% used [0x00000000f7300000,0x00000000f81fee58,0x00000000f8200000)
  to   space 25088K, 0% used [0x00000000f5a80000,0x00000000f5a80000,0x00000000f7300000)
 ParOldGen       total 46592K, used 41534K [0x00000000c4800000, 0x00000000c7580000, 0x00000000ec300000)
  object space 46592K, 89% used [0x00000000c4800000,0x00000000c708f830,0x00000000c7580000)
 Metaspace       used 28686K, capacity 29236K, committed 29440K, reserved 1075200K
  class space    used 3295K, capacity 3472K, committed 3584K, reserved 1048576K
}
Event: 56.271 GC heap before
{Heap before GC invocations=12 (full 2):
 PSYoungGen      total 170496K, used 15355K [0x00000000ec300000, 0x00000000f9480000, 0x0000000100000000)
  eden space 155136K, 0% used [0x00000000ec300000,0x00000000ec300000,0x00000000f5a80000)
  from space 15360K, 99% used [0x00000000f7300000,0x00000000f81fee58,0x00000000f8200000)
  to   space 25088K, 0% used [0x00000000f5a80000,0x00000000f5a80000,0x00000000f7300000)
 ParOldGen       total 46592K, used 41534K [0x00000000c4800000, 0x00000000c7580000, 0x00000000ec300000)
  object space 46592K, 89% used [0x00000000c4800000,0x00000000c708f830,0x00000000c7580000)
 Metaspace       used 28686K, capacity 29236K, committed 29440K, reserved 1075200K
  class space    used 3295K, capacity 3472K, committed 3584K, reserved 1048576K
Event: 56.998 GC heap after
Heap after GC invocations=12 (full 2):
 PSYoungGen      total 170496K, used 6567K [0x00000000ec300000, 0x00000000f9480000, 0x0000000100000000)
  eden space 155136K, 0% used [0x00000000ec300000,0x00000000ec300000,0x00000000f5a80000)
  from space 15360K, 42% used [0x00000000f7300000,0x00000000f7969f40,0x00000000f8200000)
  to   space 25088K, 0% used [0x00000000f5a80000,0x00000000f5a80000,0x00000000f7300000)
 ParOldGen       total 91136K, used 46387K [0x00000000c4800000, 0x00000000ca100000, 0x00000000ec300000)
  object space 91136K, 50% used [0x00000000c4800000,0x00000000c754cf10,0x00000000ca100000)
 Metaspace       used 28686K, capacity 29236K, committed 29440K, reserved 1075200K
  class space    used 3295K, capacity 3472K, committed 3584K, reserved 1048576K
}
Event: 62.231 GC heap before
{Heap before GC invocations=13 (full 2):
 PSYoungGen      total 170496K, used 161703K [0x00000000ec300000, 0x00000000f9480000, 0x0000000100000000)
  eden space 155136K, 100% used [0x00000000ec300000,0x00000000f5a80000,0x00000000f5a80000)
  from space 15360K, 42% used [0x00000000f7300000,0x00000000f7969f40,0x00000000f8200000)
  to   space 25088K, 0% used [0x00000000f5a80000,0x00000000f5a80000,0x00000000f7300000)
 ParOldGen       total 91136K, used 46387K [0x00000000c4800000, 0x00000000ca100000, 0x00000000ec300000)
  object space 91136K, 50% used [0x00000000c4800000,0x00000000c754cf10,0x00000000ca100000)
 Metaspace       used 29858K, capacity 30590K, committed 30848K, reserved 1077248K
  class space    used 3439K, capacity 3645K, committed 3712K, reserved 1048576K
Event: 62.258 GC heap after
Heap after GC invocations=13 (full 2):
 PSYoungGen      total 180224K, used 3038K [0x00000000ec300000, 0x00000000fae00000, 0x0000000100000000)
  eden space 155136K, 0% used [0x00000000ec300000,0x00000000ec300000,0x00000000f5a80000)
  from space 25088K, 12% used [0x00000000f5a80000,0x00000000f5d77870,0x00000000f7300000)
  to   space 25088K, 0% used [0x00000000f9580000,0x00000000f9580000,0x00000000fae00000)
 ParOldGen       total 91136K, used 53025K [0x00000000c4800000, 0x00000000ca100000, 0x00000000ec300000)
  object space 91136K, 58% used [0x00000000c4800000,0x00000000c7bc8658,0x00000000ca100000)
 Metaspace       used 29858K, capacity 30590K, committed 30848K, reserved 1077248K
  class space    used 3439K, capacity 3645K, committed 3712K, reserved 1048576K
}

