# JRE version: Java(TM) SE Runtime Environment (8.0_231-b11) (build 1.8.0_231-b11)
# Java VM: Java HotSpot(TM) 64-Bit Server VM (25.231-b11 mixed mode windows-amd64 compressed oops)
Heap:
 PSYoungGen      total 242688K, used 148336K [0x00000000ec300000, 0x00000000fba00000, 0x0000000100000000)
  eden space 234496K, 60% used [0x00000000ec300000,0x00000000f4cea5e0,0x00000000fa800000)
  from space 8192K, 86% used [0x00000000fb200000,0x00000000fb8f1ca8,0x00000000fba00000)
  to   space 9216K, 0% used [0x00000000fa800000,0x00000000fa800000,0x00000000fb100000)
 ParOldGen       total 62976K, used 29432K [0x00000000c4800000, 0x00000000c8580000, 0x00000000ec300000)
  object space 62976K, 46% used [0x00000000c4800000,0x00000000c64be190,0x00000000c8580000)
 Metaspace       used 48089K, capacity 48624K, committed 49104K, reserved 1093632K
  class space    used 5620K, capacity 5766K, committed 5884K, reserved 1048576K
GC Heap History (10 events):
Event: 31.943 GC heap before
{Heap before GC invocations=15 (full 1):
 PSYoungGen      total 159744K, used 159726K [0x00000000ec300000, 0x00000000fba80000, 0x0000000100000000)
  eden space 152576K, 100% used [0x00000000ec300000,0x00000000f5800000,0x00000000f5800000)
  from space 7168K, 99% used [0x00000000f5800000,0x00000000f5efb808,0x00000000f5f00000)
  to   space 8704K, 0% used [0x00000000fb200000,0x00000000fb200000,0x00000000fba80000)
 ParOldGen       total 26112K, used 12344K [0x00000000c4800000, 0x00000000c6180000, 0x00000000ec300000)
  object space 26112K, 47% used [0x00000000c4800000,0x00000000c540e340,0x00000000c6180000)
 Metaspace       used 33896K, capacity 34366K, committed 34812K, reserved 1079296K
  class space    used 4181K, capacity 4286K, committed 4348K, reserved 1048576K
Event: 31.961 GC heap after
Heap after GC invocations=15 (full 1):
 PSYoungGen      total 242688K, used 5930K [0x00000000ec300000, 0x00000000fba00000, 0x0000000100000000)
  eden space 234496K, 0% used [0x00000000ec300000,0x00000000ec300000,0x00000000fa800000)
  from space 8192K, 72% used [0x00000000fb200000,0x00000000fb7ca918,0x00000000fba00000)
  to   space 9216K, 0% used [0x00000000fa800000,0x00000000fa800000,0x00000000fb100000)
 ParOldGen       total 26112K, used 14602K [0x00000000c4800000, 0x00000000c6180000, 0x00000000ec300000)
  object space 26112K, 55% used [0x00000000c4800000,0x00000000c5642ae8,0x00000000c6180000)
 Metaspace       used 33896K, capacity 34366K, committed 34812K, reserved 1079296K
  class space    used 4181K, capacity 4286K, committed 4348K, reserved 1048576K
}
Event: 32.272 GC heap before
{Heap before GC invocations=16 (full 1):
 PSYoungGen      total 242688K, used 31704K [0x00000000ec300000, 0x00000000fba00000, 0x0000000100000000)
  eden space 234496K, 10% used [0x00000000ec300000,0x00000000edc2b8f8,0x00000000fa800000)
  from space 8192K, 72% used [0x00000000fb200000,0x00000000fb7ca918,0x00000000fba00000)
  to   space 9216K, 0% used [0x00000000fa800000,0x00000000fa800000,0x00000000fb100000)
 ParOldGen       total 26112K, used 14602K [0x00000000c4800000, 0x00000000c6180000, 0x00000000ec300000)
  object space 26112K, 55% used [0x00000000c4800000,0x00000000c5642ae8,0x00000000c6180000)
 Metaspace       used 35256K, capacity 35710K, committed 36048K, reserved 1081344K
  class space    used 4365K, capacity 4478K, committed 4604K, reserved 1048576K
Event: 32.283 GC heap after
Heap after GC invocations=16 (full 1):
 PSYoungGen      total 243712K, used 4685K [0x00000000ec300000, 0x00000000fba00000, 0x0000000100000000)
  eden space 234496K, 0% used [0x00000000ec300000,0x00000000ec300000,0x00000000fa800000)
  from space 9216K, 50% used [0x00000000fa800000,0x00000000fac93538,0x00000000fb100000)
  to   space 8192K, 0% used [0x00000000fb200000,0x00000000fb200000,0x00000000fba00000)
 ParOldGen       total 26112K, used 18312K [0x00000000c4800000, 0x00000000c6180000, 0x00000000ec300000)
  object space 26112K, 70% used [0x00000000c4800000,0x00000000c59e2310,0x00000000c6180000)
 Metaspace       used 35256K, capacity 35710K, committed 36048K, reserved 1081344K
  class space    used 4365K, capacity 4478K, committed 4604K, reserved 1048576K
}
Event: 32.284 GC heap before
{Heap before GC invocations=17 (full 2):
 PSYoungGen      total 243712K, used 4685K [0x00000000ec300000, 0x00000000fba00000, 0x0000000100000000)
  eden space 234496K, 0% used [0x00000000ec300000,0x00000000ec300000,0x00000000fa800000)
  from space 9216K, 50% used [0x00000000fa800000,0x00000000fac93538,0x00000000fb100000)
  to   space 8192K, 0% used [0x00000000fb200000,0x00000000fb200000,0x00000000fba00000)
 ParOldGen       total 26112K, used 18312K [0x00000000c4800000, 0x00000000c6180000, 0x00000000ec300000)
  object space 26112K, 70% used [0x00000000c4800000,0x00000000c59e2310,0x00000000c6180000)
 Metaspace       used 35256K, capacity 35710K, committed 36048K, reserved 1081344K
  class space    used 4365K, capacity 4478K, committed 4604K, reserved 1048576K
Event: 32.540 GC heap after
Heap after GC invocations=17 (full 2):
 PSYoungGen      total 243712K, used 0K [0x00000000ec300000, 0x00000000fba00000, 0x0000000100000000)
  eden space 234496K, 0% used [0x00000000ec300000,0x00000000ec300000,0x00000000fa800000)
  from space 9216K, 0% used [0x00000000fa800000,0x00000000fa800000,0x00000000fb100000)
  to   space 8192K, 0% used [0x00000000fb200000,0x00000000fb200000,0x00000000fba00000)
 ParOldGen       total 26112K, used 21358K [0x00000000c4800000, 0x00000000c6180000, 0x00000000ec300000)
  object space 26112K, 81% used [0x00000000c4800000,0x00000000c5cdba88,0x00000000c6180000)
 Metaspace       used 35256K, capacity 35710K, committed 36048K, reserved 1081344K
  class space    used 4365K, capacity 4478K, committed 4604K, reserved 1048576K
}
Event: 38.922 GC heap before
{Heap before GC invocations=18 (full 2):
 PSYoungGen      total 243712K, used 234496K [0x00000000ec300000, 0x00000000fba00000, 0x0000000100000000)
  eden space 234496K, 100% used [0x00000000ec300000,0x00000000fa800000,0x00000000fa800000)
  from space 9216K, 0% used [0x00000000fa800000,0x00000000fa800000,0x00000000fb100000)
  to   space 8192K, 0% used [0x00000000fb200000,0x00000000fb200000,0x00000000fba00000)
 ParOldGen       total 26112K, used 21358K [0x00000000c4800000, 0x00000000c6180000, 0x00000000ec300000)
  object space 26112K, 81% used [0x00000000c4800000,0x00000000c5cdba88,0x00000000c6180000)
 Metaspace       used 42963K, capacity 43544K, committed 43856K, reserved 1087488K
  class space    used 5094K, capacity 5237K, committed 5244K, reserved 1048576K
Event: 38.968 GC heap after
Heap after GC invocations=18 (full 2):
 PSYoungGen      total 242688K, used 8161K [0x00000000ec300000, 0x00000000fba00000, 0x0000000100000000)
  eden space 234496K, 0% used [0x00000000ec300000,0x00000000ec300000,0x00000000fa800000)
  from space 8192K, 99% used [0x00000000fb200000,0x00000000fb9f85b0,0x00000000fba00000)
  to   space 9216K, 0% used [0x00000000fa800000,0x00000000fa800000,0x00000000fb100000)
 ParOldGen       total 29696K, used 29324K [0x00000000c4800000, 0x00000000c6500000, 0x00000000ec300000)
  object space 29696K, 98% used [0x00000000c4800000,0x00000000c64a3098,0x00000000c6500000)
 Metaspace       used 42963K, capacity 43544K, committed 43856K, reserved 1087488K
  class space    used 5094K, capacity 5237K, committed 5244K, reserved 1048576K
}
Event: 38.968 GC heap before
{Heap before GC invocations=19 (full 3):
 PSYoungGen      total 242688K, used 8161K [0x00000000ec300000, 0x00000000fba00000, 0x0000000100000000)
  eden space 234496K, 0% used [0x00000000ec300000,0x00000000ec300000,0x00000000fa800000)
  from space 8192K, 99% used [0x00000000fb200000,0x00000000fb9f85b0,0x00000000fba00000)
  to   space 9216K, 0% used [0x00000000fa800000,0x00000000fa800000,0x00000000fb100000)
 ParOldGen       total 29696K, used 29324K [0x00000000c4800000, 0x00000000c6500000, 0x00000000ec300000)
  object space 29696K, 98% used [0x00000000c4800000,0x00000000c64a3098,0x00000000c6500000)
 Metaspace       used 42963K, capacity 43544K, committed 43856K, reserved 1087488K
  class space    used 5094K, capacity 5237K, committed 5244K, reserved 1048576K
Event: 39.290 GC heap after
Heap after GC invocations=19 (full 3):
 PSYoungGen      total 242688K, used 7111K [0x00000000ec300000, 0x00000000fba00000, 0x0000000100000000)
  eden space 234496K, 0% used [0x00000000ec300000,0x00000000ec300000,0x00000000fa800000)
  from space 8192K, 86% used [0x00000000fb200000,0x00000000fb8f1ca8,0x00000000fba00000)
  to   space 9216K, 0% used [0x00000000fa800000,0x00000000fa800000,0x00000000fb100000)
 ParOldGen       total 62976K, used 29432K [0x00000000c4800000, 0x00000000c8580000, 0x00000000ec300000)
  object space 62976K, 46% used [0x00000000c4800000,0x00000000c64be190,0x00000000c8580000)
 Metaspace       used 42963K, capacity 43544K, committed 43856K, reserved 1087488K
  class space    used 5094K, capacity 5237K, committed 5244K, reserved 1048576K
}

